[2022-07-23T19:08:15.960Z] -- info -- [allAlbums] : All albums correctly fetched
[2022-07-23T19:08:22.074Z] -- info -- [allAlbums] : All albums correctly fetched
[2022-07-23T19:08:31.656Z] -- info -- [AdminLogin] : User correctly logged
[2022-07-23T19:09:04.930Z] -- info -- [AdminLogin] : User correctly logged
[2022-07-23T19:44:00.407Z] -- warn -- [AdminLogin] : User send wrong credentials
[2022-07-23T19:45:05.455Z] -- warn -- [validBody] : script injection detected
[2022-07-23T19:47:10.551Z] -- warn -- [validBody] : script injection detected
[2022-07-23T19:48:19.537Z] -- warn -- [validBody] : script injection detected
[2022-07-23T19:49:50.076Z] -- warn -- [AdminLogin] : User send wrong credentials
[2022-07-23T19:50:01.181Z] -- warn -- [validBody] : script injection detected
[2022-07-23T19:50:54.417Z] -- warn -- [validBody] : script injection detected
[2022-07-23T19:51:21.116Z] -- warn -- [validBody] : script injection detected
[2022-07-23T19:51:33.249Z] -- warn -- [validBody] : script injection detected
[2022-07-23T19:53:56.818Z] -- warn -- [validBody] : script injection detected
[2022-07-23T19:57:08.381Z] -- warn -- [validBody] : script injection detected
[2022-07-23T20:00:02.530Z] -- warn -- [validBody] : script injection detected
[2022-07-23T20:00:29.545Z] -- warn -- [validBody] : script injection detected
[2022-07-23T20:01:12.879Z] -- warn -- [validBody] : script injection detected
[2022-07-23T20:02:07.412Z] -- warn -- [validBody] : script injection detected
[2022-07-23T20:04:25.002Z] -- warn -- [validBody] : script injection detected
[2022-07-23T20:05:24.869Z] -- warn -- [validBody] : script injection detected
[2022-07-23T20:06:26.738Z] -- warn -- [validBody] : script injection detected
[2022-07-23T20:18:46.420Z] -- warn -- [AdminLogin] : User send wrong credentials
[2022-07-23T20:19:01.549Z] -- warn -- [AdminLogin] : User send wrong credentials
[2022-07-23T20:19:51.424Z] -- warn -- [validBody] : script injection detected
[2022-07-23T20:19:51.669Z] -- warn -- [AdminLogin] : User send wrong credentials
[2022-07-23T20:20:32.414Z] -- warn -- [validBody] : script injection detected
[2022-07-23T20:20:32.669Z] -- warn -- [AdminLogin] : User send wrong credentials
[2022-07-23T20:26:47.621Z] -- warn -- [validBody] : script injection detected
[2022-07-23T20:28:56.848Z] -- warn -- [validBody] : script injection detected
[2022-07-23T20:29:17.423Z] -- warn -- [validBody] : script injection detected
[2022-07-23T20:33:53.745Z] -- warn -- [validBody] : script injection detected
[2022-07-23T20:34:54.706Z] -- warn -- [validBody] : script injection detected
[2022-07-23T20:37:55.962Z] -- warn -- [validBody] : script injection detected
[2022-07-23T20:39:51.893Z] -- info -- [contactEmail] : Email correctly sended
[2022-07-23T20:39:52.032Z] -- info -- [ContactEmail] : email correctly send from nicomaillols@gmail.com
[2022-07-23T20:41:32.599Z] -- info -- [contactEmail] : Email correctly sended
[2022-07-23T20:41:32.699Z] -- info -- [ContactEmail] : email correctly send from nicomaillols@gmail.com
[2022-07-23T21:09:28.464Z] -- info -- [allAlbums] : All albums correctly fetched
[2022-07-23T21:09:28.536Z] -- info -- [albumById] : Album correctly fetched
[2022-07-23T21:12:28.269Z] -- info -- [contactEmail] : Email correctly sended
[2022-07-23T21:12:28.392Z] -- info -- [ContactEmail] : email correctly send from nicomaillols@gmail.com
[2022-07-23T21:12:58.390Z] -- info -- [contactEmail] : Email correctly sended
[2022-07-23T21:12:58.475Z] -- info -- [ContactEmail] : email correctly send from nicomaillols@gmail.com
[2022-07-23T21:26:41.181Z] -- warn -- [validBody] : script injection detected
[2022-07-23T21:30:25.714Z] -- warn -- [validBody] : script injection detected
[2022-07-23T21:31:07.658Z] -- warn -- [validBody] : script injection detected
[2022-07-23T21:31:56.809Z] -- warn -- [validBody] : script injection detected
[2022-07-23T21:33:07.032Z] -- warn -- [validBody] : script injection detected
[2022-07-23T21:33:22.272Z] -- warn -- [validBody] : script injection detected
[2022-07-23T21:33:23.903Z] -- warn -- [validBody] : script injection detected
[2022-07-23T21:33:25.474Z] -- warn -- [validBody] : script injection detected
[2022-07-23T21:33:50.626Z] -- warn -- [validBody] : script injection detected
[2022-07-23T21:34:10.273Z] -- warn -- [validBody] : script injection detected
[2022-07-23T21:37:08.342Z] -- warn -- [validBody] : script injection detected
[2022-07-23T21:37:41.403Z] -- warn -- [validBody] : script injection detected
[2022-07-23T21:39:07.608Z] -- info -- [contactEmail] : Email correctly sended
[2022-07-23T21:39:07.718Z] -- info -- [ContactEmail] : email correctly send from nicomaillols@gmail.com
[2022-07-23T21:40:33.794Z] -- warn -- [validBody] : script injection detected
[2022-07-23T21:41:02.810Z] -- warn -- [validBody] : script injection detected
[2022-07-23T21:43:03.245Z] -- warn -- [validBody] : script injection detected
[2022-07-23T21:45:54.819Z] -- info -- [contactEmail] : Email correctly sended
[2022-07-23T21:45:54.907Z] -- info -- [ContactEmail] : email correctly send from nicomaillols@gmail.com
[2022-07-23T21:49:18.405Z] -- warn -- [validBody] : script injection detected
